<?xml version="1.0" encoding="UTF-8"?>
<!-- Generated by org.testng.reporters.JUnitXMLReporter -->
<testsuite ignored="3" hostname="DESKTOP-NN7Q6CL" failures="0" tests="3" name="Test" time="2.817" errors="0" timestamp="28 Oct 2022 03:12:57 GMT">
  <testcase classname="testcases.BookStoreTest" name="test4" time="0.012"/>
  <testcase classname="testcases.BookStoreTest" name="test4" time="0.005"/>
  <testcase classname="testcases.BookStoreTest" name="test4" time="0.004"/>
  <testcase classname="testcases.BookStoreTest" name="test2" time="0.0">
    <ignored/>
  </testcase> <!-- test2 -->
  <testcase classname="testcases.BookStoreTest" name="test3" time="0.0">
    <ignored/>
  </testcase> <!-- test3 -->
  <testcase classname="testcases.BookStoreTest" name="test11" time="0.0">
    <ignored/>
  </testcase> <!-- test11 -->
</testsuite> <!-- Test -->
